<?xml version="1.0" encoding="UTF-8"?>
<testsuite name="test测试名字"
           tests="8"
           failures="0"
           errors="0"
           skipped="0"
           time="0.015">
  <properties />
  
  
            <testcase name="" time="0.000" classname="TestCase.mavenTest ()" />
                <testcase name="" time="0.015" classname="TestCase.mavenTest ()" />
                <testcase name="" time="0.000" classname="TestCase.mavenTest ()" />
                <testcase name="" time="0.000" classname="TestCase.mavenTest ()" />
                <testcase name="" time="0.000" classname="TestCase.mavenTest ()" />
                <testcase name="" time="0.000" classname="TestCase.mavenTest ()" />
                <testcase name="" time="0.000" classname="TestCase.mavenTest ()" />
                <testcase name="" time="0.000" classname="TestCase.mavenTest ()" />
      
</testsuite>
